<?xml version="1.0" encoding="UTF-8"?>
<!-- Generated by org.testng.reporters.JUnitReportReporter -->
<testsuite hostname="WINDOWS-UNR7VLH" failures="0" tests="1" name="com.amazon.pages.Loginpage" time="0.021" errors="0" timestamp="2023-04-05T15:04:50 IST" skipped="0">
  <testcase classname="com.amazon.pages.Loginpage" name="f" time="0.021"/>
  <system-out/>
</testsuite> <!-- com.amazon.pages.Loginpage -->
